<?xml version="1.0" encoding="UTF-8"?>
<testsuites name="jest tests" tests="1" failures="0" errors="0" time="7.99">
  <testsuite name="undefined" errors="0" failures="0" skipped="0" timestamp="2022-09-27T13:01:24" time="7.736" tests="1">
    <testcase classname=" Pipeline Stack" name=" Pipeline Stack" time="0.143">
    </testcase>
  </testsuite>
</testsuites>