<?xml version="1.0" encoding="UTF-8"?>
<testsuites name="jest tests" tests="1" failures="0" errors="0" time="8.009">
  <testsuite name="undefined" errors="0" failures="0" skipped="0" timestamp="2022-09-27T12:31:55" time="7.764" tests="1">
    <testcase classname=" Pipeline Stack" name=" Pipeline Stack" time="0.142">
    </testcase>
  </testsuite>
</testsuites>